This is pdfTeX, Version 3.14159265-2.6-1.40.18 (TeX Live 2017/Debian) (preloaded format=pdflatex 2019.8.27)  30 SEP 2019 20:13
entering extended mode
 restricted \write18 enabled.
 %&-line parsing enabled.
**report.tex
(./report.tex
LaTeX2e <2017-04-15>
Babel <3.18> and hyphenation patterns for 3 language(s) loaded.
(/usr/share/texlive/texmf-dist/tex/latex/base/article.cls
Document Class: article 2014/09/29 v1.4h Standard LaTeX document class
(/usr/share/texlive/texmf-dist/tex/latex/base/size11.clo
File: size11.clo 2014/09/29 v1.4h Standard LaTeX file (size option)
)
\c@part=\count79
\c@section=\count80
\c@subsection=\count81
\c@subsubsection=\count82
\c@paragraph=\count83
\c@subparagraph=\count84
\c@figure=\count85
\c@table=\count86
\abovecaptionskip=\skip41
\belowcaptionskip=\skip42
\bibindent=\dimen102
)
(/usr/share/texlive/texmf-dist/tex/latex/graphics/graphicx.sty
Package: graphicx 2017/06/01 v1.1a Enhanced LaTeX Graphics (DPC,SPQR)

(/usr/share/texlive/texmf-dist/tex/latex/graphics/keyval.sty
Package: keyval 2014/10/28 v1.15 key=value parser (DPC)
\KV@toks@=\toks14
)
(/usr/share/texlive/texmf-dist/tex/latex/graphics/graphics.sty
Package: graphics 2017/06/25 v1.2c Standard LaTeX Graphics (DPC,SPQR)

(/usr/share/texlive/texmf-dist/tex/latex/graphics/trig.sty
Package: trig 2016/01/03 v1.10 sin cos tan (DPC)
)
(/usr/share/texlive/texmf-dist/tex/latex/graphics-cfg/graphics.cfg
File: graphics.cfg 2016/06/04 v1.11 sample graphics configuration
)
Package graphics Info: Driver file: pdftex.def on input line 99.

(/usr/share/texlive/texmf-dist/tex/latex/graphics-def/pdftex.def
File: pdftex.def 2018/01/08 v1.0l Graphics/color driver for pdftex
))
\Gin@req@height=\dimen103
\Gin@req@width=\dimen104
)
(./report.aux)
\openout1 = `report.aux'.

LaTeX Font Info:    Checking defaults for OML/cmm/m/it on input line 5.
LaTeX Font Info:    ... okay on input line 5.
LaTeX Font Info:    Checking defaults for T1/cmr/m/n on input line 5.
LaTeX Font Info:    ... okay on input line 5.
LaTeX Font Info:    Checking defaults for OT1/cmr/m/n on input line 5.
LaTeX Font Info:    ... okay on input line 5.
LaTeX Font Info:    Checking defaults for OMS/cmsy/m/n on input line 5.
LaTeX Font Info:    ... okay on input line 5.
LaTeX Font Info:    Checking defaults for OMX/cmex/m/n on input line 5.
LaTeX Font Info:    ... okay on input line 5.
LaTeX Font Info:    Checking defaults for U/cmr/m/n on input line 5.
LaTeX Font Info:    ... okay on input line 5.

(/usr/share/texlive/texmf-dist/tex/context/base/mkii/supp-pdf.mkii
[Loading MPS to PDF converter (version 2006.09.02).]
\scratchcounter=\count87
\scratchdimen=\dimen105
\scratchbox=\box26
\nofMPsegments=\count88
\nofMParguments=\count89
\everyMPshowfont=\toks15
\MPscratchCnt=\count90
\MPscratchDim=\dimen106
\MPnumerator=\count91
\makeMPintoPDFobject=\count92
\everyMPtoPDFconversion=\toks16
) (/usr/share/texlive/texmf-dist/tex/latex/oberdiek/epstopdf-base.sty
Package: epstopdf-base 2016/05/15 v2.6 Base part for package epstopdf

(/usr/share/texlive/texmf-dist/tex/generic/oberdiek/infwarerr.sty
Package: infwarerr 2016/05/16 v1.4 Providing info/warning/error messages (HO)
)
(/usr/share/texlive/texmf-dist/tex/latex/oberdiek/grfext.sty
Package: grfext 2016/05/16 v1.2 Manage graphics extensions (HO)

(/usr/share/texlive/texmf-dist/tex/generic/oberdiek/kvdefinekeys.sty
Package: kvdefinekeys 2016/05/16 v1.4 Define keys (HO)

(/usr/share/texlive/texmf-dist/tex/generic/oberdiek/ltxcmds.sty
Package: ltxcmds 2016/05/16 v1.23 LaTeX kernel commands for general use (HO)
)))
(/usr/share/texlive/texmf-dist/tex/latex/oberdiek/kvoptions.sty
Package: kvoptions 2016/05/16 v3.12 Key value format for package options (HO)

(/usr/share/texlive/texmf-dist/tex/generic/oberdiek/kvsetkeys.sty
Package: kvsetkeys 2016/05/16 v1.17 Key value parser (HO)

(/usr/share/texlive/texmf-dist/tex/generic/oberdiek/etexcmds.sty
Package: etexcmds 2016/05/16 v1.6 Avoid name clashes with e-TeX commands (HO)

(/usr/share/texlive/texmf-dist/tex/generic/oberdiek/ifluatex.sty
Package: ifluatex 2016/05/16 v1.4 Provides the ifluatex switch (HO)
Package ifluatex Info: LuaTeX not detected.
)
Package etexcmds Info: Could not find \expanded.
(etexcmds)             That can mean that you are not using pdfTeX 1.50 or
(etexcmds)             that some package has redefined \expanded.
(etexcmds)             In the latter case, load this package earlier.
)))
(/usr/share/texlive/texmf-dist/tex/generic/oberdiek/pdftexcmds.sty
Package: pdftexcmds 2018/01/21 v0.26 Utility functions of pdfTeX for LuaTeX (HO
)

(/usr/share/texlive/texmf-dist/tex/generic/oberdiek/ifpdf.sty
Package: ifpdf 2017/03/15 v3.2 Provides the ifpdf switch
)
Package pdftexcmds Info: LuaTeX not detected.
Package pdftexcmds Info: \pdf@primitive is available.
Package pdftexcmds Info: \pdf@ifprimitive is available.
Package pdftexcmds Info: \pdfdraftmode found.
)
Package epstopdf-base Info: Redefining graphics rule for `.eps' on input line 4
38.
Package grfext Info: Graphics extension search list:
(grfext)             [.pdf,.png,.jpg,.mps,.jpeg,.jbig2,.jb2,.PDF,.PNG,.JPG,.JPE
G,.JBIG2,.JB2,.eps]
(grfext)             \AppendGraphicsExtensions on input line 456.

(/usr/share/texlive/texmf-dist/tex/latex/latexconfig/epstopdf-sys.cfg
File: epstopdf-sys.cfg 2010/07/13 v1.3 Configuration of (r)epstopdf for TeX Liv
e
))
LaTeX Font Info:    External font `cmex10' loaded for size
(Font)              <12> on input line 9.
LaTeX Font Info:    External font `cmex10' loaded for size
(Font)              <8> on input line 9.
LaTeX Font Info:    External font `cmex10' loaded for size
(Font)              <6> on input line 9.

[1

{/var/lib/texmf/fonts/map/pdftex/updmap/pdftex.map}]
LaTeX Font Info:    External font `cmex10' loaded for size
(Font)              <10.95> on input line 55.

Underfull \hbox (badness 10000) in paragraph at lines 54--58

 []

[2]
Overfull \hbox (19.41339pt too wide) in paragraph at lines 137--137
[]\OT1/cmtt/m/n/10.95 (996, 107460.0, 996, 107460.21599999999, 996, 0.215999999
98579733,[] 
 []


Overfull \hbox (48.15683pt too wide) in paragraph at lines 137--137
[]\OT1/cmtt/m/n/10.95 (997, 107568.0, 997, 107568.21599999999, 997, 0.215999999
98579733, 997,[] 
 []


Overfull \hbox (48.15683pt too wide) in paragraph at lines 137--137
[]\OT1/cmtt/m/n/10.95 (998, 107676.0, 998, 107676.21599999999, 998, 0.215999999
98579733, 998,[] 
 []


Overfull \hbox (48.15683pt too wide) in paragraph at lines 137--137
[]\OT1/cmtt/m/n/10.95 (999, 107784.0, 999, 107784.21599999999, 999, 0.215999999
98579733, 999,[] 
 []


Overfull \hbox (71.15158pt too wide) in paragraph at lines 137--137
[]\OT1/cmtt/m/n/10.95 (1000, 107892.0, 1000, 107892.21599999999, 1000, 0.215999
99998579733, 1000,[] 
 []


Overfull \hbox (48.15683pt too wide) in paragraph at lines 137--137
[]\OT1/cmtt/m/n/10.95 (996, 107460.0, 996, 107460.20001599999, 996, 0.200015999
98795427, 996,[] 
 []


Overfull \hbox (48.15683pt too wide) in paragraph at lines 137--137
[]\OT1/cmtt/m/n/10.95 (997, 107568.0, 997, 107568.20001599999, 997, 0.200015999
98795427, 997,[] 
 []


Overfull \hbox (48.15683pt too wide) in paragraph at lines 137--137
[]\OT1/cmtt/m/n/10.95 (998, 107676.0, 998, 107676.20001599999, 998, 0.200015999
98795427, 998,[] 
 []


Overfull \hbox (48.15683pt too wide) in paragraph at lines 137--137
[]\OT1/cmtt/m/n/10.95 (999, 107784.0, 999, 107784.20001599999, 999, 0.200015999
98795427, 999,[] 
 []


Overfull \hbox (71.15158pt too wide) in paragraph at lines 137--137
[]\OT1/cmtt/m/n/10.95 (1000, 107892.0, 1000, 107892.20001599999, 1000, 0.200015
99998795427, 1000,[] 
 []

[3]
Overfull \hbox (13.6647pt too wide) in paragraph at lines 137--137
[]\OT1/cmtt/m/n/10.95 (996, 107460.0, 996, 107460.23925, 996, 0.239249999998719
43, 996,[] 
 []


Overfull \hbox (13.6647pt too wide) in paragraph at lines 137--137
[]\OT1/cmtt/m/n/10.95 (997, 107568.0, 997, 107568.23925, 997, 0.239249999998719
43, 997,[] 
 []


Overfull \hbox (13.6647pt too wide) in paragraph at lines 137--137
[]\OT1/cmtt/m/n/10.95 (998, 107676.0, 998, 107676.23925, 998, 0.239249999998719
43, 998,[] 
 []


Overfull \hbox (13.6647pt too wide) in paragraph at lines 137--137
[]\OT1/cmtt/m/n/10.95 (999, 107784.0, 999, 107784.23925, 999, 0.239249999998719
43, 999,[] 
 []


Overfull \hbox (36.65945pt too wide) in paragraph at lines 137--137
[]\OT1/cmtt/m/n/10.95 (1000, 107892.0, 1000, 107892.23925, 1000, 0.239249999998
71943, 1000,[] 
 []


Underfull \hbox (badness 10000) in paragraph at lines 138--142

 []

<../graphs/graph.png, id=20, 462.528pt x 346.896pt>
File: ../graphs/graph.png Graphic file (type png)
<use ../graphs/graph.png>
Package pdftex.def Info: ../graphs/graph.png  used on input line 161.
(pdftex.def)             Requested size: 462.52686pt x 346.89514pt.

Overfull \hbox (102.52686pt too wide) in paragraph at lines 160--162
[]
 []

[4] [5 <../graphs/graph.png>] (./report.aux) ) 
Here is how much of TeX's memory you used:
 1446 strings out of 494923
 20714 string characters out of 6180742
 74503 words of memory out of 5000000
 4769 multiletter control sequences out of 15000+600000
 8364 words of font info for 30 fonts, out of 8000000 for 9000
 14 hyphenation exceptions out of 8191
 41i,6n,25p,571b,252s stack positions out of 5000i,500n,10000p,200000b,80000s
</usr/share/texlive/texmf-dist/fo
nts/type1/public/amsfonts/cm/cmbx12.pfb></usr/share/texlive/texmf-dist/fonts/ty
pe1/public/amsfonts/cm/cmmi10.pfb></usr/share/texlive/texmf-dist/fonts/type1/pu
blic/amsfonts/cm/cmmi8.pfb></usr/share/texlive/texmf-dist/fonts/type1/public/am
sfonts/cm/cmr10.pfb></usr/share/texlive/texmf-dist/fonts/type1/public/amsfonts/
cm/cmr12.pfb></usr/share/texlive/texmf-dist/fonts/type1/public/amsfonts/cm/cmr1
7.pfb></usr/share/texlive/texmf-dist/fonts/type1/public/amsfonts/cm/cmsy10.pfb>
</usr/share/texlive/texmf-dist/fonts/type1/public/amsfonts/cm/cmtt10.pfb>
Output written on report.pdf (5 pages, 117895 bytes).
PDF statistics:
 55 PDF objects out of 1000 (max. 8388607)
 37 compressed objects within 1 object stream
 0 named destinations out of 1000 (max. 500000)
 6 words of extra memory for PDF output out of 10000 (max. 10000000)

